23:00:35.747 [main] INFO  testCases.TC_003_LoginDataDrivenTest - ** Finished TC_003_LoginDataDrivenTesting **
23:00:35.772 [main] INFO  testCases.TC_003_LoginDataDrivenTest - ** Starting TC_003_LoginDataDrivenTesting **
23:00:36.874 [main] INFO  testCases.TC_003_LoginDataDrivenTest - ** Enter the login details**
23:00:37.919 [main] INFO  testCases.TC_003_LoginDataDrivenTest - ** Validate the my account text **
23:00:38.155 [main] INFO  testCases.TC_003_LoginDataDrivenTest - ** Finished TC_003_LoginDataDrivenTesting **
23:00:38.159 [main] INFO  testCases.TC_003_LoginDataDrivenTest - ** Starting TC_003_LoginDataDrivenTesting **
23:00:38.232 [main] INFO  testCases.TC_003_LoginDataDrivenTest - ** Starting TC_003_LoginDataDrivenTesting **
23:00:38.295 [main] INFO  testCases.TC_003_LoginDataDrivenTest - ** Starting TC_003_LoginDataDrivenTesting **
23:00:38.339 [main] INFO  testCases.TC_003_LoginDataDrivenTest - ** Starting TC_003_LoginDataDrivenTesting **
23:20:26.550 [main] INFO  org.testng.internal.Utils - [TestNG] Running:
  D:\Selenium_Project\OpenCartV1.0\src\test\java\testCases\testng.xml

23:20:36.781 [main] INFO  testCases.TC_003_LoginDataDrivenTest - ** Starting TC_003_LoginDataDrivenTesting **
23:20:37.999 [main] INFO  testCases.TC_003_LoginDataDrivenTest - ** Enter the login details**
23:20:40.036 [main] INFO  testCases.TC_003_LoginDataDrivenTest - ** Validate the my account text **
23:20:41.287 [main] INFO  testCases.TC_003_LoginDataDrivenTest - ** Finished TC_003_LoginDataDrivenTesting **
23:20:41.305 [main] INFO  testCases.TC_003_LoginDataDrivenTest - ** Starting TC_003_LoginDataDrivenTesting **
23:20:42.244 [main] INFO  testCases.TC_003_LoginDataDrivenTest - ** Enter the login details**
23:20:43.795 [main] INFO  testCases.TC_003_LoginDataDrivenTest - ** Validate the my account text **
23:20:53.901 [main] INFO  testCases.TC_003_LoginDataDrivenTest - ** Starting TC_003_LoginDataDrivenTesting **
23:20:55.108 [main] INFO  testCases.TC_003_LoginDataDrivenTest - ** Enter the login details**
23:20:56.577 [main] INFO  testCases.TC_003_LoginDataDrivenTest - ** Validate the my account text **
23:21:06.682 [main] INFO  testCases.TC_003_LoginDataDrivenTest - ** Starting TC_003_LoginDataDrivenTesting **
23:21:08.095 [main] INFO  testCases.TC_003_LoginDataDrivenTest - ** Enter the login details**
23:21:09.732 [main] INFO  testCases.TC_003_LoginDataDrivenTest - ** Validate the my account text **
23:21:19.804 [main] INFO  testCases.TC_003_LoginDataDrivenTest - ** Starting TC_003_LoginDataDrivenTesting **
23:21:20.736 [main] INFO  testCases.TC_003_LoginDataDrivenTest - ** Enter the login details**
23:21:22.489 [main] INFO  testCases.TC_003_LoginDataDrivenTest - ** Validate the my account text **
23:21:32.531 [main] INFO  testCases.TC_003_LoginDataDrivenTest - ** Finished TC_003_LoginDataDrivenTesting **
23:21:32.558 [main] INFO  testCases.TC_003_LoginDataDrivenTest - ** Starting TC_003_LoginDataDrivenTesting **
23:21:33.667 [main] INFO  testCases.TC_003_LoginDataDrivenTest - ** Enter the login details**
23:21:35.194 [main] INFO  testCases.TC_003_LoginDataDrivenTest - ** Validate the my account text **
23:21:44.161 [main] INFO  testCases.TC_003_LoginDataDrivenTest - ** Finished TC_003_LoginDataDrivenTesting **
23:21:44.184 [main] INFO  testCases.TC_003_LoginDataDrivenTest - ** Starting TC_003_LoginDataDrivenTesting **
23:21:44.554 [main] INFO  testCases.TC_003_LoginDataDrivenTest - ** Starting TC_003_LoginDataDrivenTesting **
23:21:44.583 [main] INFO  testCases.TC_003_LoginDataDrivenTest - ** Starting TC_003_LoginDataDrivenTesting **
23:21:44.603 [main] INFO  testCases.TC_003_LoginDataDrivenTest - ** Starting TC_003_LoginDataDrivenTesting **
23:34:22.398 [main] INFO  org.testng.internal.Utils - [TestNG] Running:
  D:\Selenium_Project\OpenCartV1.0\src\test\java\testCases\testng.xml

23:43:47.517 [main] INFO  org.testng.internal.Utils - [TestNG] Running:
  D:\Selenium_Project\OpenCartV1.0\src\test\java\testCases\testng.xml

23:43:59.550 [main] INFO  testCases.TC_003_LoginDataDrivenTest - ** Starting TC_003_LoginDataDrivenTesting **
23:44:00.847 [main] INFO  testCases.TC_003_LoginDataDrivenTest - ** Enter the login details**
23:44:00.922 [main] INFO  testCases.TC_003_LoginDataDrivenTest - ** Starting TC_003_LoginDataDrivenTesting **
23:44:01.921 [main] INFO  testCases.TC_003_LoginDataDrivenTest - ** Enter the login details**
23:44:03.745 [main] INFO  testCases.TC_003_LoginDataDrivenTest - ** Validate the my account text **
23:44:13.825 [main] INFO  testCases.TC_003_LoginDataDrivenTest - ** Starting TC_003_LoginDataDrivenTesting **
23:44:14.946 [main] INFO  testCases.TC_003_LoginDataDrivenTest - ** Enter the login details**
23:44:16.269 [main] INFO  testCases.TC_003_LoginDataDrivenTest - ** Validate the my account text **
23:44:24.940 [main] INFO  testCases.TC_003_LoginDataDrivenTest - ** Finished TC_003_LoginDataDrivenTesting **
23:44:24.947 [main] INFO  testCases.TC_003_LoginDataDrivenTest - ** Starting TC_003_LoginDataDrivenTesting **
