17:06:57.289 [main] INFO  testCases.TC_003_LoginDataDrivenTest - ***** Finished TC_003_LoginDDT ******
17:06:57.301 [main] INFO  testCases.TC_003_LoginDataDrivenTest - ***** stating TC_003_LoginDDT ******
17:07:11.784 [main] INFO  testCases.TC_003_LoginDataDrivenTest - ***** Finished TC_003_LoginDDT ******
17:07:11.806 [main] INFO  testCases.TC_003_LoginDataDrivenTest - ***** stating TC_003_LoginDDT ******
17:07:26.049 [main] INFO  testCases.TC_003_LoginDataDrivenTest - ***** Finished TC_003_LoginDDT ******
17:07:30.731 [main] INFO  testCases.TC_004_AddToCartTest - ** Start Add to Cart Test TC_004 **
17:07:32.293 [main] INFO  testCases.TC_004_AddToCartTest - ** Enter the login details**
17:07:32.849 [main] INFO  testCases.TC_004_AddToCartTest - ** Add to cart **
17:07:33.898 [main] INFO  testCases.TC_004_AddToCartTest - ** Start Add to Cart Test TC_004 **
17:07:50.221 [main] INFO  testCases.TC_005_RemoveItemsTest - ** Start Remove Items Test TC_005 **
17:07:51.856 [main] INFO  testCases.TC_005_RemoveItemsTest - ** Enter the login details **
17:07:53.426 [main] INFO  testCases.TC_005_RemoveItemsTest - ** Start Remove Items Test TC_005 **
17:08:08.139 [main] INFO  testCases.TC_006_verifyAppleCinemaFeatureTest - Click on the drop down and select the product : 
17:08:08.151 [main] INFO  testCases.TC_006_verifyAppleCinemaFeatureTest - Click on the Apple Cine Product and Get the featured details : 
17:08:10.032 [main] INFO  testCases.TC_006_verifyAppleCinemaFeatureTest - Verify the feature is visible or not   : 
17:12:46.108 [main] INFO  testCases.TC_001_AccountRegistrationTest - ** Starting the test case  **
17:12:46.163 [main] INFO  testCases.TC_001_AccountRegistrationTest - ** Click on my account link  **
17:12:47.337 [main] INFO  testCases.TC_001_AccountRegistrationTest - ** Click on my registration link  **
17:12:48.045 [main] INFO  testCases.TC_001_AccountRegistrationTest - ** Provide all customer details  **
17:12:50.313 [main] INFO  testCases.TC_001_AccountRegistrationTest - ** Validate expected message  **
17:12:55.034 [main] INFO  testCases.TC_002_LoginTest - ** Start Login Test TC_002 **
17:12:56.576 [main] INFO  testCases.TC_002_LoginTest - ** Enter the login details**
17:12:57.955 [main] INFO  testCases.TC_002_LoginTest - ** Validate the my account text **
17:12:58.009 [main] INFO  testCases.TC_002_LoginTest - ** Finished Login Test TC_002 **
17:13:05.490 [main] INFO  testCases.TC_003_LoginDataDrivenTest - ***** stating TC_003_LoginDDT ******
17:13:20.063 [main] INFO  testCases.TC_003_LoginDataDrivenTest - ***** Finished TC_003_LoginDDT ******
17:13:20.071 [main] INFO  testCases.TC_003_LoginDataDrivenTest - ***** stating TC_003_LoginDDT ******
17:13:25.401 [main] INFO  testCases.TC_003_LoginDataDrivenTest - ***** Finished TC_003_LoginDDT ******
17:13:25.407 [main] INFO  testCases.TC_003_LoginDataDrivenTest - ***** stating TC_003_LoginDDT ******
17:13:30.865 [main] INFO  testCases.TC_003_LoginDataDrivenTest - ***** Finished TC_003_LoginDDT ******
17:13:36.323 [main] INFO  testCases.TC_004_AddToCartTest - ** Start Add to Cart Test TC_004 **
17:13:37.787 [main] INFO  testCases.TC_004_AddToCartTest - ** Enter the login details**
17:13:38.279 [main] INFO  testCases.TC_004_AddToCartTest - ** Add to cart **
17:13:39.132 [main] INFO  testCases.TC_004_AddToCartTest - ** Start Add to Cart Test TC_004 **
17:13:53.805 [main] INFO  testCases.TC_005_RemoveItemsTest - ** Start Remove Items Test TC_005 **
17:13:55.363 [main] INFO  testCases.TC_005_RemoveItemsTest - ** Enter the login details **
17:14:04.094 [main] INFO  testCases.TC_005_RemoveItemsTest - ** Add item into cart and removed it **
17:14:04.120 [main] INFO  testCases.TC_005_RemoveItemsTest - ** Finished The Remove Items Test TC_005 **
17:14:09.066 [main] INFO  testCases.TC_006_verifyAppleCinemaFeatureTest - Click on the drop down and select the product : 
17:14:09.073 [main] INFO  testCases.TC_006_verifyAppleCinemaFeatureTest - Click on the Apple Cine Product and Get the featured details : 
17:14:11.015 [main] INFO  testCases.TC_006_verifyAppleCinemaFeatureTest - Verify the feature is visible or not   : 
17:15:03.924 [main] INFO  org.testng.internal.Utils - [TestNG] Running:
  D:\Selenium_Project\Selenium_Project\OpenCartV1.0\testSuites\testng.xml

17:15:09.358 [main] INFO  testCases.TC_002_LoginTest - ** Start Login Test TC_002 **
17:15:10.867 [main] INFO  testCases.TC_002_LoginTest - ** Enter the login details**
17:15:11.381 [main] INFO  testCases.TC_002_LoginTest - ** Validate the my account text **
17:15:12.145 [main] INFO  testCases.TC_002_LoginTest - ** Finished Login Test TC_002 **
17:15:16.772 [main] INFO  testCases.TC_005_RemoveItemsTest - ** Start Remove Items Test TC_005 **
17:15:18.327 [main] INFO  testCases.TC_005_RemoveItemsTest - ** Enter the login details **
17:15:27.097 [main] INFO  testCases.TC_005_RemoveItemsTest - ** Add item into cart and removed it **
17:15:27.147 [main] INFO  testCases.TC_005_RemoveItemsTest - ** Finished The Remove Items Test TC_005 **
