16:27:07.607 [main] INFO  testCases.TC_003_LoginDataDrivenTest - ***** stating TC_003_LoginDDT ******
16:27:13.931 [main] INFO  testCases.TC_003_LoginDataDrivenTest - ***** Finished TC_003_LoginDDT ******
16:27:13.949 [main] INFO  testCases.TC_003_LoginDataDrivenTest - ***** stating TC_003_LoginDDT ******
16:28:03.030 [main] INFO  org.testng.internal.Utils - [TestNG] Running:
  D:\Selenium_Project\OpenCartV1.0\testng.xml

16:28:09.242 [main] INFO  testCases.TC_001_AccountRegistrationTest - ** Starting the test case  **
16:28:09.276 [main] INFO  testCases.TC_001_AccountRegistrationTest - ** Click on my account link  **
16:28:10.010 [main] INFO  testCases.TC_001_AccountRegistrationTest - ** Click on my registration link  **
16:28:11.021 [main] INFO  testCases.TC_001_AccountRegistrationTest - ** Provide all customer details  **
16:28:13.668 [main] INFO  testCases.TC_001_AccountRegistrationTest - ** Validate expected message  **
16:28:18.120 [main] INFO  testCases.TC_002_LoginTest - ** Start Login Test TC_002 **
16:28:19.653 [main] INFO  testCases.TC_002_LoginTest - ** Enter the login details**
16:28:21.186 [main] INFO  testCases.TC_002_LoginTest - ** Validate the my account text **
16:28:21.243 [main] INFO  testCases.TC_002_LoginTest - ** Finished Login Test TC_002 **
16:28:25.533 [main] INFO  testCases.TC_004_AddToCartTest - ** Start Login Test TC_002 **
16:28:27.121 [main] INFO  testCases.TC_004_AddToCartTest - ** Enter the login details**
16:28:27.713 [main] INFO  testCases.TC_004_AddToCartTest - ** Add to cart **
16:28:30.216 [main] INFO  testCases.TC_004_AddToCartTest - ** Finished Login Test TC_002 **
17:00:36.548 [main] INFO  org.testng.internal.Utils - [TestNG] Running:
  D:\Selenium_Project\OpenCartV1.0\testng.xml

17:00:43.218 [main] INFO  testCases.TC_005_RemoveItemsTest - ** Start Login Test TC_002 **
17:00:44.871 [main] INFO  testCases.TC_005_RemoveItemsTest - ** Enter the login details**
17:00:45.467 [main] INFO  testCases.TC_005_RemoveItemsTest - ** Add to cart **
17:02:01.469 [main] INFO  org.testng.internal.Utils - [TestNG] Running:
  D:\Selenium_Project\OpenCartV1.0\testng.xml

17:02:07.004 [main] INFO  testCases.TC_005_RemoveItemsTest - ** Start Login Test TC_002 **
17:02:08.595 [main] INFO  testCases.TC_005_RemoveItemsTest - ** Enter the login details**
17:02:09.223 [main] INFO  testCases.TC_005_RemoveItemsTest - ** Add to cart **
17:02:22.311 [main] INFO  testCases.TC_005_RemoveItemsTest - ** Finished Login Test TC_002 **
17:03:21.845 [main] INFO  org.testng.internal.Utils - [TestNG] Running:
  D:\Selenium_Project\OpenCartV1.0\testng.xml

17:03:27.747 [main] INFO  testCases.TC_005_RemoveItemsTest - ** Start Login Test TC_002 **
17:03:29.189 [main] INFO  testCases.TC_005_RemoveItemsTest - ** Enter the login details**
17:03:29.778 [main] INFO  testCases.TC_005_RemoveItemsTest - ** Add to cart **
17:03:47.254 [main] INFO  testCases.TC_005_RemoveItemsTest - ** Finished Login Test TC_002 **
17:08:12.973 [main] INFO  org.testng.internal.Utils - [TestNG] Running:
  D:\Selenium_Project\OpenCartV1.0\testng.xml

17:08:18.670 [main] INFO  testCases.TC_005_RemoveItemsTest - ** Start Login Test TC_002 **
17:08:20.154 [main] INFO  testCases.TC_005_RemoveItemsTest - ** Enter the login details**
17:08:20.723 [main] INFO  testCases.TC_005_RemoveItemsTest - ** Add to cart **
17:08:38.376 [main] INFO  testCases.TC_005_RemoveItemsTest - ** Finished Login Test TC_002 **
17:10:09.316 [main] INFO  org.testng.internal.Utils - [TestNG] Running:
  D:\Selenium_Project\OpenCartV1.0\testng.xml

17:10:15.277 [main] INFO  testCases.TC_005_RemoveItemsTest - ** Start Login Test TC_002 **
17:10:16.812 [main] INFO  testCases.TC_005_RemoveItemsTest - ** Enter the login details**
17:10:17.397 [main] INFO  testCases.TC_005_RemoveItemsTest - ** Add to cart **
17:10:35.147 [main] INFO  testCases.TC_005_RemoveItemsTest - ** Finished Login Test TC_002 **
17:16:32.646 [main] INFO  org.testng.internal.Utils - [TestNG] Running:
  D:\Selenium_Project\OpenCartV1.0\testng.xml

17:16:39.365 [main] INFO  testCases.TC_005_RemoveItemsTest - ** Start Remove Items Test TC_005 **
17:16:40.912 [main] INFO  testCases.TC_005_RemoveItemsTest - ** Enter the login details **
17:16:41.501 [main] INFO  testCases.TC_005_RemoveItemsTest - ** Add item into cart and removed it **
17:17:38.340 [main] INFO  org.testng.internal.Utils - [TestNG] Running:
  D:\Selenium_Project\OpenCartV1.0\testng.xml

17:17:44.863 [main] INFO  testCases.TC_005_RemoveItemsTest - ** Start Remove Items Test TC_005 **
17:17:46.513 [main] INFO  testCases.TC_005_RemoveItemsTest - ** Enter the login details **
17:17:47.105 [main] INFO  testCases.TC_005_RemoveItemsTest - ** Add item into cart and removed it **
17:17:55.667 [main] INFO  testCases.TC_005_RemoveItemsTest - ** Finished The Remove Items Test TC_005 **
17:24:11.510 [main] INFO  org.testng.internal.Utils - [TestNG] Running:
  D:\Selenium_Project\OpenCartV1.0\testng.xml

17:24:17.735 [main] INFO  testCases.TC_005_RemoveItemsTest - ** Start Remove Items Test TC_005 **
