21:09:22.679 [main] INFO  testCases.TC_002_LoginTest - ** Finished Login Test TC_002 **
21:09:27.432 [main] INFO  testCases.TC_005_RemoveItemsTest - ** Start Remove Items Test TC_005 **
21:09:28.306 [main] INFO  testCases.TC_005_RemoveItemsTest - ** Enter the login details **
21:09:29.743 [main] INFO  testCases.TC_005_RemoveItemsTest - ** Start Remove Items Test TC_005 **
21:09:44.748 [main] INFO  testCases.TC_006_verifyAppleCinemaFeatureTest - Click on the drop down and select the product : 
21:09:44.754 [main] INFO  testCases.TC_006_verifyAppleCinemaFeatureTest - Click on the Apple Cine Product and Get the featured details : 
21:09:46.859 [main] INFO  testCases.TC_006_verifyAppleCinemaFeatureTest - Verify the feature is visible or not   : 
21:09:51.441 [main] INFO  testCases.TC_001_AccountRegistrationTest - ** Starting the test case  **
21:09:51.442 [main] INFO  testCases.TC_001_AccountRegistrationTest - ** Click on my account link  **
21:09:52.220 [main] INFO  testCases.TC_001_AccountRegistrationTest - ** Click on my registration link  **
21:09:53.100 [main] INFO  testCases.TC_001_AccountRegistrationTest - ** Provide all customer details  **
21:09:54.999 [main] INFO  testCases.TC_001_AccountRegistrationTest - ** Validate expected message  **
21:09:59.755 [main] INFO  testCases.TC_004_AddToCartTest - ** Start Add to Cart Test TC_004 **
21:10:00.917 [main] INFO  testCases.TC_004_AddToCartTest - ** Enter the login details**
21:10:01.381 [main] INFO  testCases.TC_004_AddToCartTest - ** Add to cart **
21:10:02.769 [main] INFO  testCases.TC_004_AddToCartTest - ** Start Add to Cart Test TC_004 **
21:10:25.984 [main] INFO  testCases.TC_003_LoginDataDrivenTest - ***** stating TC_003_LoginDDT ******
21:10:40.188 [main] INFO  testCases.TC_003_LoginDataDrivenTest - ***** Finished TC_003_LoginDDT ******
21:10:40.211 [main] INFO  testCases.TC_003_LoginDataDrivenTest - ***** stating TC_003_LoginDDT ******
21:10:45.264 [main] INFO  testCases.TC_003_LoginDataDrivenTest - ***** Finished TC_003_LoginDDT ******
21:10:45.274 [main] INFO  testCases.TC_003_LoginDataDrivenTest - ***** stating TC_003_LoginDDT ******
21:10:50.655 [main] INFO  testCases.TC_003_LoginDataDrivenTest - ***** Finished TC_003_LoginDDT ******
16:42:27.331 [main] INFO  testCases.TC_001_AccountRegistrationTest - ** Starting the test case  **
16:42:27.560 [main] INFO  testCases.TC_001_AccountRegistrationTest - ** Click on my account link  **
16:42:28.741 [main] INFO  testCases.TC_001_AccountRegistrationTest - ** Click on my registration link  **
16:42:29.583 [main] INFO  testCases.TC_001_AccountRegistrationTest - ** Provide all customer details  **
16:42:31.676 [main] INFO  testCases.TC_001_AccountRegistrationTest - ** Validate expected message  **
16:42:37.275 [main] INFO  testCases.TC_002_LoginTest - ** Start Login Test TC_002 **
16:42:37.917 [main] INFO  testCases.TC_002_LoginTest - ** Enter the login details**
16:42:38.408 [main] INFO  testCases.TC_002_LoginTest - ** Validate the my account text **
16:42:39.231 [main] INFO  testCases.TC_002_LoginTest - ** Finished Login Test TC_002 **
16:42:46.132 [main] INFO  testCases.TC_003_LoginDataDrivenTest - ***** stating TC_003_LoginDDT ******
16:43:00.343 [main] INFO  testCases.TC_003_LoginDataDrivenTest - ***** Finished TC_003_LoginDDT ******
16:43:00.366 [main] INFO  testCases.TC_003_LoginDataDrivenTest - ***** stating TC_003_LoginDDT ******
16:43:05.811 [main] INFO  testCases.TC_003_LoginDataDrivenTest - ***** Finished TC_003_LoginDDT ******
16:43:05.819 [main] INFO  testCases.TC_003_LoginDataDrivenTest - ***** stating TC_003_LoginDDT ******
16:43:11.185 [main] INFO  testCases.TC_003_LoginDataDrivenTest - ***** Finished TC_003_LoginDDT ******
16:43:17.449 [main] INFO  testCases.TC_004_AddToCartTest - ** Start Add to Cart Test TC_004 **
16:43:18.957 [main] INFO  testCases.TC_004_AddToCartTest - ** Enter the login details**
16:43:19.426 [main] INFO  testCases.TC_004_AddToCartTest - ** Add to cart **
16:43:20.230 [main] INFO  testCases.TC_004_AddToCartTest - ** Start Add to Cart Test TC_004 **
16:43:35.044 [main] INFO  testCases.TC_005_RemoveItemsTest - ** Start Remove Items Test TC_005 **
16:43:35.581 [main] INFO  testCases.TC_005_RemoveItemsTest - ** Enter the login details **
16:43:37.251 [main] INFO  testCases.TC_005_RemoveItemsTest - ** Start Remove Items Test TC_005 **
16:43:51.765 [main] INFO  testCases.TC_006_verifyAppleCinemaFeatureTest - Click on the drop down and select the product : 
16:43:51.812 [main] INFO  testCases.TC_006_verifyAppleCinemaFeatureTest - Click on the Apple Cine Product and Get the featured details : 
16:43:53.969 [main] INFO  testCases.TC_006_verifyAppleCinemaFeatureTest - Verify the feature is visible or not   : 
16:46:14.359 [main] INFO  testCases.TC_002_LoginTest - ** Start Login Test TC_002 **
16:46:15.942 [main] INFO  testCases.TC_002_LoginTest - ** Enter the login details**
16:46:16.459 [main] INFO  testCases.TC_002_LoginTest - ** Validate the my account text **
